2020-05-09 23:11:15.684  INFO 18844 --- [restartedMain] c.s.a.p.EmployeesManagementApplication   : Starting EmployeesManagementApplication on selim-linuxubuntu with PID 18844 (/home/slim/eclipse-workspace/employees-management/target/classes started by slim in /home/slim/eclipse-workspace/employees-management)
2020-05-09 23:11:15.713  INFO 18844 --- [restartedMain] c.s.a.p.EmployeesManagementApplication   : No active profile set, falling back to default profiles: default
2020-05-09 23:11:15.943  INFO 18844 --- [restartedMain] o.s.b.devtools.restart.ChangeableUrls    : The Class-Path manifest attribute in /home/slim/.m2/repository/org/glassfish/jaxb/jaxb-runtime/2.3.2/jaxb-runtime-2.3.2.jar referenced one or more files that do not exist: file:/home/slim/.m2/repository/org/glassfish/jaxb/jaxb-runtime/2.3.2/jakarta.xml.bind-api-2.3.2.jar,file:/home/slim/.m2/repository/org/glassfish/jaxb/jaxb-runtime/2.3.2/txw2-2.3.2.jar,file:/home/slim/.m2/repository/org/glassfish/jaxb/jaxb-runtime/2.3.2/istack-commons-runtime-3.0.8.jar,file:/home/slim/.m2/repository/org/glassfish/jaxb/jaxb-runtime/2.3.2/stax-ex-1.8.1.jar,file:/home/slim/.m2/repository/org/glassfish/jaxb/jaxb-runtime/2.3.2/FastInfoset-1.2.16.jar,file:/home/slim/.m2/repository/org/glassfish/jaxb/jaxb-runtime/2.3.2/jakarta.activation-api-1.2.1.jar
2020-05-09 23:11:15.944  INFO 18844 --- [restartedMain] .e.DevToolsPropertyDefaultsPostProcessor : Devtools property defaults active! Set 'spring.devtools.add-properties' to 'false' to disable
2020-05-09 23:11:15.944  INFO 18844 --- [restartedMain] .e.DevToolsPropertyDefaultsPostProcessor : For additional web related logging consider setting the 'logging.level.web' property to 'DEBUG'
2020-05-09 23:11:18.588  INFO 18844 --- [restartedMain] .s.d.r.c.RepositoryConfigurationDelegate : Bootstrapping Spring Data JPA repositories in DEFAULT mode.
2020-05-09 23:11:18.634 DEBUG 18844 --- [restartedMain] .s.d.r.c.RepositoryConfigurationDelegate : Scanning for JPA repositories in packages com.selimhorri.app.pack.
2020-05-09 23:11:18.652 DEBUG 18844 --- [restartedMain] o.s.d.r.c.RepositoryComponentProvider    : Identified candidate component class: file [/home/slim/eclipse-workspace/employees-management/target/classes/com/selimhorri/app/pack/repositories/CountryRepository.class]
2020-05-09 23:11:18.653 DEBUG 18844 --- [restartedMain] o.s.d.r.c.RepositoryComponentProvider    : Identified candidate component class: file [/home/slim/eclipse-workspace/employees-management/target/classes/com/selimhorri/app/pack/repositories/DepartmentRepository.class]
2020-05-09 23:11:18.658 DEBUG 18844 --- [restartedMain] o.s.d.r.c.RepositoryComponentProvider    : Identified candidate component class: file [/home/slim/eclipse-workspace/employees-management/target/classes/com/selimhorri/app/pack/repositories/DependentRepository.class]
2020-05-09 23:11:18.658 DEBUG 18844 --- [restartedMain] o.s.d.r.c.RepositoryComponentProvider    : Identified candidate component class: file [/home/slim/eclipse-workspace/employees-management/target/classes/com/selimhorri/app/pack/repositories/EmployeeRepository.class]
2020-05-09 23:11:18.658 DEBUG 18844 --- [restartedMain] o.s.d.r.c.RepositoryComponentProvider    : Identified candidate component class: file [/home/slim/eclipse-workspace/employees-management/target/classes/com/selimhorri/app/pack/repositories/JobRepository.class]
2020-05-09 23:11:18.659 DEBUG 18844 --- [restartedMain] o.s.d.r.c.RepositoryComponentProvider    : Identified candidate component class: file [/home/slim/eclipse-workspace/employees-management/target/classes/com/selimhorri/app/pack/repositories/LocationRepository.class]
2020-05-09 23:11:18.659 DEBUG 18844 --- [restartedMain] o.s.d.r.c.RepositoryComponentProvider    : Identified candidate component class: file [/home/slim/eclipse-workspace/employees-management/target/classes/com/selimhorri/app/pack/repositories/RegionRepository.class]
2020-05-09 23:11:18.800  INFO 18844 --- [restartedMain] .s.d.r.c.RepositoryConfigurationDelegate : Finished Spring Data repository scanning in 164ms. Found 7 JPA repository interfaces.
2020-05-09 23:11:20.082  INFO 18844 --- [restartedMain] o.s.b.w.embedded.tomcat.TomcatWebServer  : Tomcat initialized with port(s): 8080 (http)
2020-05-09 23:11:20.131  INFO 18844 --- [restartedMain] o.apache.catalina.core.StandardService   : Starting service [Tomcat]
2020-05-09 23:11:20.132  INFO 18844 --- [restartedMain] org.apache.catalina.core.StandardEngine  : Starting Servlet engine: [Apache Tomcat/9.0.33]
2020-05-09 23:11:20.326  INFO 18844 --- [restartedMain] o.a.c.c.C.[Tomcat].[localhost].[/]       : Initializing Spring embedded WebApplicationContext
2020-05-09 23:11:20.326 DEBUG 18844 --- [restartedMain] o.s.web.context.ContextLoader            : Published root WebApplicationContext as ServletContext attribute with name [org.springframework.web.context.WebApplicationContext.ROOT]
2020-05-09 23:11:20.327  INFO 18844 --- [restartedMain] o.s.web.context.ContextLoader            : Root WebApplicationContext: initialization completed in 4383 ms
2020-05-09 23:11:20.959 DEBUG 18844 --- [restartedMain] o.springframework.web.filter.CorsFilter  : Filter 'corsFilter' configured for use
2020-05-09 23:11:21.212  INFO 18844 --- [restartedMain] com.zaxxer.hikari.HikariDataSource       : HikariPool-1 - Starting...
2020-05-09 23:11:21.814  INFO 18844 --- [restartedMain] com.zaxxer.hikari.HikariDataSource       : HikariPool-1 - Start completed.
2020-05-09 23:11:21.966  INFO 18844 --- [restartedMain] o.hibernate.jpa.internal.util.LogHelper  : HHH000204: Processing PersistenceUnitInfo [name: default]
2020-05-09 23:11:22.147  INFO 18844 --- [restartedMain] org.hibernate.Version                    : HHH000412: Hibernate Core {5.4.10.Final}
2020-05-09 23:11:22.622  INFO 18844 --- [restartedMain] o.hibernate.annotations.common.Version   : HCANN000001: Hibernate Commons Annotations {5.1.0.Final}
2020-05-09 23:11:22.880  INFO 18844 --- [restartedMain] org.hibernate.dialect.Dialect            : HHH000400: Using dialect: org.hibernate.dialect.MySQL5InnoDBDialect
2020-05-09 23:11:23.778  INFO 18844 --- [restartedMain] o.h.e.t.j.p.i.JtaPlatformInitiator       : HHH000490: Using JtaPlatform implementation: [org.hibernate.engine.transaction.jta.platform.internal.NoJtaPlatform]
2020-05-09 23:11:23.785  INFO 18844 --- [restartedMain] j.LocalContainerEntityManagerFactoryBean : Initialized JPA EntityManagerFactory for persistence unit 'default'
2020-05-09 23:11:23.842 DEBUG 18844 --- [restartedMain] .c.JpaMetamodelMappingContextFactoryBean : Initializing JpaMetamodelMappingContext…
2020-05-09 23:11:23.882 DEBUG 18844 --- [restartedMain] .c.JpaMetamodelMappingContextFactoryBean : Finished initializing JpaMetamodelMappingContext!
2020-05-09 23:11:24.199 DEBUG 18844 --- [restartedMain] o.s.d.r.c.s.RepositoryFactorySupport     : Initializing repository instance for com.selimhorri.app.pack.repositories.CountryRepository…
2020-05-09 23:11:24.269 DEBUG 18844 --- [restartedMain] o.s.d.r.c.s.RepositoryFactorySupport     : Finished creation of repository instance for com.selimhorri.app.pack.repositories.CountryRepository.
2020-05-09 23:11:24.314 DEBUG 18844 --- [restartedMain] o.s.d.r.c.s.RepositoryFactorySupport     : Initializing repository instance for com.selimhorri.app.pack.repositories.DepartmentRepository…
2020-05-09 23:11:24.339 DEBUG 18844 --- [restartedMain] o.s.d.r.c.s.RepositoryFactorySupport     : Finished creation of repository instance for com.selimhorri.app.pack.repositories.DepartmentRepository.
2020-05-09 23:11:24.358 DEBUG 18844 --- [restartedMain] o.s.d.r.c.s.RepositoryFactorySupport     : Initializing repository instance for com.selimhorri.app.pack.repositories.DependentRepository…
2020-05-09 23:11:24.389 DEBUG 18844 --- [restartedMain] o.s.d.r.c.s.RepositoryFactorySupport     : Finished creation of repository instance for com.selimhorri.app.pack.repositories.DependentRepository.
2020-05-09 23:11:24.406 DEBUG 18844 --- [restartedMain] o.s.d.r.c.s.RepositoryFactorySupport     : Initializing repository instance for com.selimhorri.app.pack.repositories.EmployeeRepository…
2020-05-09 23:11:24.450 DEBUG 18844 --- [restartedMain] o.s.d.j.r.query.JpaQueryFactory          : Looking up query for method getManagers
2020-05-09 23:11:24.476 DEBUG 18844 --- [restartedMain] o.s.d.r.c.s.RepositoryFactorySupport     : Finished creation of repository instance for com.selimhorri.app.pack.repositories.EmployeeRepository.
2020-05-09 23:11:24.495 DEBUG 18844 --- [restartedMain] o.s.d.r.c.s.RepositoryFactorySupport     : Initializing repository instance for com.selimhorri.app.pack.repositories.JobRepository…
2020-05-09 23:11:24.541 DEBUG 18844 --- [restartedMain] o.s.d.r.c.s.RepositoryFactorySupport     : Finished creation of repository instance for com.selimhorri.app.pack.repositories.JobRepository.
2020-05-09 23:11:24.556 DEBUG 18844 --- [restartedMain] o.s.d.r.c.s.RepositoryFactorySupport     : Initializing repository instance for com.selimhorri.app.pack.repositories.LocationRepository…
2020-05-09 23:11:24.580 DEBUG 18844 --- [restartedMain] o.s.d.r.c.s.RepositoryFactorySupport     : Finished creation of repository instance for com.selimhorri.app.pack.repositories.LocationRepository.
2020-05-09 23:11:24.596 DEBUG 18844 --- [restartedMain] o.s.d.r.c.s.RepositoryFactorySupport     : Initializing repository instance for com.selimhorri.app.pack.repositories.RegionRepository…
2020-05-09 23:11:24.617 DEBUG 18844 --- [restartedMain] o.s.d.r.c.s.RepositoryFactorySupport     : Finished creation of repository instance for com.selimhorri.app.pack.repositories.RegionRepository.
2020-05-09 23:11:24.713  WARN 18844 --- [restartedMain] JpaBaseConfiguration$JpaWebConfiguration : spring.jpa.open-in-view is enabled by default. Therefore, database queries may be performed during view rendering. Explicitly configure spring.jpa.open-in-view to disable this warning
2020-05-09 23:11:24.954  INFO 18844 --- [restartedMain] o.s.s.concurrent.ThreadPoolTaskExecutor  : Initializing ExecutorService 'applicationTaskExecutor'
2020-05-09 23:11:24.977 DEBUG 18844 --- [restartedMain] s.w.s.m.m.a.RequestMappingHandlerAdapter : ControllerAdvice beans: 0 @ModelAttribute, 0 @InitBinder, 1 RequestBodyAdvice, 1 ResponseBodyAdvice
2020-05-09 23:11:25.056 DEBUG 18844 --- [restartedMain] s.w.s.m.m.a.RequestMappingHandlerMapping : 37 mappings in 'requestMappingHandlerMapping'
2020-05-09 23:11:25.097 DEBUG 18844 --- [restartedMain] o.s.w.s.handler.SimpleUrlHandlerMapping  : Patterns [/webjars/**, /**] in 'resourceHandlerMapping'
2020-05-09 23:11:25.113 DEBUG 18844 --- [restartedMain] .m.m.a.ExceptionHandlerExceptionResolver : ControllerAdvice beans: 1 @ExceptionHandler, 1 ResponseBodyAdvice
2020-05-09 23:11:25.437  INFO 18844 --- [restartedMain] o.s.b.d.a.OptionalLiveReloadServer       : LiveReload server is running on port 35729
2020-05-09 23:11:25.447  INFO 18844 --- [restartedMain] o.s.b.a.e.web.EndpointLinksResolver      : Exposing 2 endpoint(s) beneath base path '/actuator'
2020-05-09 23:11:25.642  INFO 18844 --- [restartedMain] o.s.b.w.embedded.tomcat.TomcatWebServer  : Tomcat started on port(s): 8080 (http) with context path ''
2020-05-09 23:11:25.647  INFO 18844 --- [restartedMain] c.s.a.p.EmployeesManagementApplication   : Started EmployeesManagementApplication in 11.877 seconds (JVM running for 16.666)
2020-05-09 23:11:25.665  INFO 18844 --- [RMI TCP Connection(1)-127.0.0.1] o.a.c.c.C.[Tomcat].[localhost].[/]       : Initializing Spring DispatcherServlet 'dispatcherServlet'
2020-05-09 23:11:25.665  INFO 18844 --- [RMI TCP Connection(1)-127.0.0.1] o.s.web.servlet.DispatcherServlet        : Initializing Servlet 'dispatcherServlet'
2020-05-09 23:11:25.666 DEBUG 18844 --- [RMI TCP Connection(1)-127.0.0.1] o.s.web.servlet.DispatcherServlet        : Detected StandardServletMultipartResolver
2020-05-09 23:11:25.676 DEBUG 18844 --- [RMI TCP Connection(1)-127.0.0.1] o.s.web.servlet.DispatcherServlet        : enableLoggingRequestDetails='false': request parameters and headers will be masked to prevent unsafe logging of potentially sensitive data
2020-05-09 23:11:25.677  INFO 18844 --- [RMI TCP Connection(1)-127.0.0.1] o.s.web.servlet.DispatcherServlet        : Completed initialization in 11 ms
2020-05-09 23:11:29.226  INFO 18844 --- [RMI TCP Connection(3)-127.0.0.1] inMXBeanRegistrar$SpringApplicationAdmin : Application shutdown requested.
2020-05-09 23:11:29.233  INFO 18844 --- [RMI TCP Connection(3)-127.0.0.1] o.s.s.concurrent.ThreadPoolTaskExecutor  : Shutting down ExecutorService 'applicationTaskExecutor'
2020-05-09 23:11:29.238  INFO 18844 --- [RMI TCP Connection(3)-127.0.0.1] j.LocalContainerEntityManagerFactoryBean : Closing JPA EntityManagerFactory for persistence unit 'default'
2020-05-09 23:11:29.242  INFO 18844 --- [RMI TCP Connection(3)-127.0.0.1] com.zaxxer.hikari.HikariDataSource       : HikariPool-1 - Shutdown initiated...
2020-05-09 23:11:29.256  INFO 18844 --- [RMI TCP Connection(3)-127.0.0.1] com.zaxxer.hikari.HikariDataSource       : HikariPool-1 - Shutdown completed.
